<?xml version="1.0" encoding="UTF-8"?>
<!-- Generated by org.testng.reporters.JUnitReportReporter -->
<testsuite hostname="LAPTOP-JJI4PPIN" failures="0" tests="1" name="com.test.DemoTest" time="10.833" errors="0" timestamp="2022-01-27T18:30:41 IST" skipped="0">
  <testcase classname="com.test.DemoTest" name="demo" time="10.833"/>
  <system-out/>
</testsuite> <!-- com.test.DemoTest -->
